cl : command line  warning D9002: ignoring unknown option '/arch:SSE2'
  notepad.c
C:\Users\Aubrey\src\NotepadXP\notepad\notepad.c(1504,13): warning C4101: 'pszMessage': unreferenced local variable
C:\Users\Aubrey\src\NotepadXP\notepad\notepad.c(1503,6): warning C4101: 'iAllocSize': unreferenced local variable
C:\Users\Aubrey\src\NotepadXP\notepad\notepad.c(1982,51): warning C4312: 'type cast': conversion from 'BOOL' to 'WNDPROC' of greater size
  npdate.c
  npfile.c
  npinit.c
  npmisc.c
  npprint.c
  nputf.c
  Generating code
  Finished generating code
  notepad.vcxproj -> C:\Users\Aubrey\src\NotepadXP\notepad\x64\Release\npex64.exe

Project Performance Summary:
     3355 ms  C:\Users\Aubrey\src\NotepadXP\notepad\notepad.vcxproj   1 calls
               3355 ms  Build                                      1 calls

Target Performance Summary:
        0 ms  _ResourceCompile                           1 calls
        0 ms  _ALink                                     1 calls
        0 ms  _Link                                      1 calls
        0 ms  AfterLink                                  1 calls
        0 ms  ComputeLinkSwitches                        1 calls
        0 ms  PreLinkEvent                               1 calls
        0 ms  PrepareResourceNames                       1 calls
        0 ms  CreateCustomManifestResourceNames          1 calls
        0 ms  ComputeManifestInputsTargets               1 calls
        0 ms  ComputeLinkInputsFromProject               1 calls
        0 ms  ComputeCLGeneratedLinkInputs               1 calls
        0 ms  _Manifest                                  1 calls
        0 ms  ComputeCLOutputs                           1 calls
        0 ms  ComputeRCGeneratedLinkInputs               1 calls
        0 ms  BeforeLink                                 1 calls
        0 ms  BuildLinkTraverse                          1 calls
        0 ms  BuildCompile                               1 calls
        0 ms  _BuildCompileAction                        1 calls
        0 ms  AfterBuildCompileEvent                     1 calls
        0 ms  AfterResourceCompile                       1 calls
        0 ms  SelectResourceCompile                      1 calls
        0 ms  BeforeResourceCompile                      1 calls
        0 ms  _ClCompile                                 1 calls
        0 ms  ComputeManifestGeneratedLinkerInputs       1 calls
        0 ms  AfterClCompile                             1 calls
        0 ms  ResolvedXDCMake                            1 calls
        0 ms  MakeDirsForXdcMake                         1 calls
        0 ms  IncrementalClean                           1 calls
        0 ms  AfterBuild                                 1 calls
        0 ms  BuildLink                                  1 calls
        0 ms  _BuildLinkAction                           1 calls
        0 ms  PostBuildEvent                             1 calls
        0 ms  PrepareForRun                              1 calls
        0 ms  _CheckForCompileOutputs                    1 calls
        0 ms  _CopySourceItemsToOutputDirectory          1 calls
        0 ms  _GetCopyToOutputDirectoryItemsFromThisProject   1 calls
        0 ms  _PopulateCommonStateForGetCopyToOutputDirectoryItems   1 calls
        0 ms  ComputeCLCompileGeneratedXDCFiles          1 calls
        0 ms  _Deploy                                    1 calls
        0 ms  CreateSatelliteAssemblies                  1 calls
        0 ms  _GenerateSatelliteAssemblyInputs           1 calls
        0 ms  ContentFilesProjectOutputGroup             1 calls
        0 ms  MakeDirsForFxc                             1 calls
        0 ms  SatelliteDllsProjectOutputGroup            1 calls
        0 ms  BuiltProjectOutputGroup                    1 calls
        0 ms  _BscMake                                   1 calls
        0 ms  MakeDirsForBscMake                         1 calls
        0 ms  ComputeCLCompileGeneratedSbrFiles          1 calls
        0 ms  _XdcMake                                   1 calls
        0 ms  _Appverifier                               1 calls
        0 ms  SelectClCompile                            1 calls
        0 ms  Build                                      1 calls
        0 ms  PreBuildEvent                              1 calls
        0 ms  _SplitProjectReferencesByFileExistence     1 calls
        0 ms  _Xsd                                       1 calls
        0 ms  GetFrameworkPaths                          1 calls
        0 ms  _AddOutputPathToGlobalPropertiesToRemove   1 calls
        0 ms  SelectCustomBuild                          1 calls
        0 ms  _SelectedFiles                             1 calls
        0 ms  MakeDirsForCl                              1 calls
        0 ms  BeforeBuildGenerateSources                 1 calls
        0 ms  MakeDirsForMidl                            1 calls
        0 ms  BuildGenerateSourcesTraverse               1 calls
        0 ms  ResolveReferences                          1 calls
        0 ms  AfterResolveReferences                     1 calls
        0 ms  ResolveAssemblyReferences                  1 calls
        0 ms  ExpandSDKReferences                        1 calls
        0 ms  ResolveSDKReferences                       1 calls
        0 ms  _CheckWindowsSDKInstalled                  1 calls
        0 ms  GetResolvedWinMD                           1 calls
        0 ms  AddExternalIncludDirectoriesToPaths        1 calls
        0 ms  PrepareProjectReferences                   1 calls
        0 ms  ComputeMIDLGeneratedCompileInputs          1 calls
        0 ms  ResolveProjectReferences                   1 calls
        0 ms  _Midl                                      1 calls
        0 ms  BeforeClCompile                            1 calls
        0 ms  BuildCompileTraverse                       1 calls
        0 ms  BuildGenerateSources                       1 calls
        0 ms  FindReferenceAssembliesForReferences       1 calls
        0 ms  BeforeResolveReferences                    1 calls
        0 ms  _BuildGenerateSourcesAction                1 calls
        0 ms  GetReferencedVCProjectsInfo                1 calls
        0 ms  _PrepareForReferenceResolution             1 calls
        0 ms  ComputeStdModulesCompileInputs             1 calls
        0 ms  AfterBuildGenerateSourcesEvent             1 calls
        0 ms  AfterBuildGenerateSources                  1 calls
        0 ms  ComputeReferenceCLInput                    1 calls
        0 ms  AfterMidl                                  1 calls
        0 ms  _GetCopyToOutputDirectoryItemsFromTransitiveProjectReferences   1 calls
        0 ms  FinalizeBuildStatus                        1 calls
        0 ms  _PrepareForBuild                           1 calls
        1 ms  MakeDirsForLink                            1 calls
        1 ms  GetReferenceAssemblyPaths                  1 calls
        1 ms  SetCABuildNativeEnvironmentVariables       1 calls
        1 ms  RegisterOutput                             1 calls
        1 ms  SetBuildDefaultEnvironmentVariables        1 calls
        1 ms  CopyFileToFolders                          1 calls
        1 ms  ComputeLegacyManifestEmbedding             1 calls
        1 ms  ComputeRCOutputs                           1 calls
        1 ms  ComputeLinkImportLibraryOutputsForClean    1 calls
        1 ms  MakeDirsForResourceCompile                 1 calls
        1 ms  SplitResourcesByCulture                    1 calls
        1 ms  CopyFilesToOutputDirectory                 1 calls
        1 ms  ComputeCustomBuildOutput                   1 calls
        1 ms  DoLinkOutputFilesMatch                     1 calls
        1 ms  ComputeCLInputPDBName                      1 calls
        1 ms  GetCopyToOutputDirectoryXamlAppDefs        1 calls
        2 ms  FixupCLCompileOptions                      1 calls
        2 ms  GetCopyToOutputDirectoryItems              1 calls
        3 ms  AssignProjectConfiguration                 1 calls
        3 ms  _CleanGetCurrentAndPriorFileWrites         1 calls
        3 ms  InitializeBuildStatus                      1 calls
        4 ms  WarnCompileDuplicatedFilename              1 calls
        5 ms  AssignTargetPaths                          1 calls
        6 ms  TlogCleanup                                1 calls
        7 ms  SetTelemetryEnvironmentVariables           1 calls
        9 ms  CustomBuild                                1 calls
       12 ms  PrepareForBuild                            1 calls
       33 ms  _CheckForInvalidConfigurationAndPlatform   1 calls
       34 ms  CreateRecipeFile                           1 calls
       44 ms  _GetProjectReferenceTargetFrameworkProperties   1 calls
      116 ms  ResourceCompile                            1 calls
      423 ms  Link                                       1 calls
     2626 ms  ClCompile                                  1 calls

Task Performance Summary:
        0 ms  MSBuild                                    1 calls
        0 ms  SetRidAgnosticValueForProjects             1 calls
        0 ms  RemoveDuplicates                           2 calls
        0 ms  AssignCulture                              1 calls
        0 ms  Delete                                     3 calls
        1 ms  CheckVCToolsetVersion                      1 calls
        1 ms  ConvertToAbsolutePath                      1 calls
        1 ms  FindUnderPath                              5 calls
        1 ms  WriteLinesToFile                           3 calls
        1 ms  Touch                                      2 calls
        1 ms  ReadLinesFromFile                          2 calls
        2 ms  CallTarget                                 2 calls
        3 ms  AssignProjectConfiguration                 1 calls
        3 ms  MakeDir                                   10 calls
        4 ms  SetEnv                                    11 calls
        4 ms  CleanupStaleTlogItems                      1 calls
        5 ms  AssignTargetPath                           7 calls
        7 ms  Message                                    3 calls
       10 ms  GetOutOfDateItems                          3 calls
       34 ms  GenerateDesktopDeployRecipe                1 calls
      115 ms  RC                                         1 calls
      422 ms  Link                                       1 calls
     2624 ms  CL                                         1 calls
